  GraphStructure.cpp
GraphStructure.cpp(92): warning C4244: 'argument': conversion from 'double' to 'int', possible loss of data
GraphStructure.cpp(93): warning C4244: 'argument': conversion from 'double' to 'int', possible loss of data
GraphStructure.cpp(94): warning C4244: 'argument': conversion from 'double' to 'int', possible loss of data
GraphStructure.cpp(138): warning C4244: 'argument': conversion from 'double' to 'int', possible loss of data
GraphStructure.cpp(398): warning C4267: 'initializing': conversion from 'size_t' to 'int', possible loss of data
GraphStructure.cpp(399): warning C4267: 'initializing': conversion from 'size_t' to 'int', possible loss of data
GraphStructure.cpp(477): warning C4267: 'initializing': conversion from 'size_t' to 'int', possible loss of data
GraphStructure.cpp(533): warning C4267: 'initializing': conversion from 'size_t' to 'int', possible loss of data
GraphStructure.cpp(534): warning C4267: 'initializing': conversion from 'size_t' to 'int', possible loss of data
GraphStructure.cpp(660): warning C4267: 'initializing': conversion from 'size_t' to 'int', possible loss of data
GraphStructure.cpp(680): warning C4267: '=': conversion from 'size_t' to 'int', possible loss of data
GraphStructure.cpp(681): warning C4267: '=': conversion from 'size_t' to 'int', possible loss of data
  Generating code
  15 of 628 functions ( 2.4%) were compiled, the rest were copied from previous compilation.
    0 functions were new in current compilation
    6 functions had inline decision re-evaluated but remain unchanged
  Finished generating code
  ImageCompletion_VS.vcxproj -> F:\computer_graphics_research_progress\ImageCompletion_VS\x64\Release\ImageCompletion_VS.exe
  ImageCompletion_VS.vcxproj -> F:\computer_graphics_research_progress\ImageCompletion_VS\x64\Release\ImageCompletion_VS.pdb (Full PDB)
